{"E:\\SIA\\RsShool__React-2025-Q3\\task-1_class-components__local\\rs-react-app\\src\\App.tsx": {"path":"E:\\SIA\\RsShool__React-2025-Q3\\task-1_class-components__local\\rs-react-app\\src\\App.tsx","all":true,"statementMap":{"0":{"start":{"line":1,"column":0},"end":{"line":1,"column":41}},"3":{"start":{"line":4,"column":0},"end":{"line":4,"column":55}},"4":{"start":{"line":5,"column":0},"end":{"line":5,"column":48}},"5":{"start":{"line":6,"column":0},"end":{"line":6,"column":37}},"6":{"start":{"line":7,"column":0},"end":{"line":7,"column":41}},"7":{"start":{"line":8,"column":0},"end":{"line":8,"column":44}},"9":{"start":{"line":10,"column":0},"end":{"line":10,"column":62}},"10":{"start":{"line":11,"column":0},"end":{"line":11,"column":21}},"11":{"start":{"line":12,"column":0},"end":{"line":12,"column":19}},"12":{"start":{"line":13,"column":0},"end":{"line":13,"column":16}},"13":{"start":{"line":14,"column":0},"end":{"line":14,"column":13}},"14":{"start":{"line":15,"column":0},"end":{"line":15,"column":57}},"15":{"start":{"line":16,"column":0},"end":{"line":16,"column":4}},"17":{"start":{"line":18,"column":0},"end":{"line":18,"column":23}},"18":{"start":{"line":19,"column":0},"end":{"line":19,"column":32}},"19":{"start":{"line":20,"column":0},"end":{"line":20,"column":47}},"20":{"start":{"line":21,"column":0},"end":{"line":21,"column":5}},"21":{"start":{"line":22,"column":0},"end":{"line":22,"column":3}},"23":{"start":{"line":24,"column":0},"end":{"line":24,"column":42}},"24":{"start":{"line":25,"column":0},"end":{"line":25,"column":9}},"25":{"start":{"line":26,"column":0},"end":{"line":26,"column":52}},"26":{"start":{"line":27,"column":0},"end":{"line":27,"column":46}},"27":{"start":{"line":28,"column":0},"end":{"line":28,"column":47}},"28":{"start":{"line":29,"column":0},"end":{"line":29,"column":77}},"29":{"start":{"line":30,"column":0},"end":{"line":30,"column":28}},"30":{"start":{"line":31,"column":0},"end":{"line":31,"column":21}},"31":{"start":{"line":32,"column":0},"end":{"line":32,"column":68}},"32":{"start":{"line":33,"column":0},"end":{"line":33,"column":56}},"33":{"start":{"line":34,"column":0},"end":{"line":34,"column":5}},"34":{"start":{"line":35,"column":0},"end":{"line":35,"column":4}},"36":{"start":{"line":37,"column":0},"end":{"line":37,"column":29}},"37":{"start":{"line":38,"column":0},"end":{"line":38,"column":48}},"40":{"start":{"line":41,"column":0},"end":{"line":41,"column":12}},"42":{"start":{"line":43,"column":0},"end":{"line":43,"column":85}},"43":{"start":{"line":44,"column":0},"end":{"line":44,"column":69}},"44":{"start":{"line":45,"column":0},"end":{"line":45,"column":20}},"45":{"start":{"line":46,"column":0},"end":{"line":46,"column":49}},"46":{"start":{"line":47,"column":0},"end":{"line":47,"column":25}},"47":{"start":{"line":48,"column":0},"end":{"line":48,"column":64}},"48":{"start":{"line":49,"column":0},"end":{"line":49,"column":26}},"49":{"start":{"line":50,"column":0},"end":{"line":50,"column":14}},"50":{"start":{"line":51,"column":0},"end":{"line":51,"column":12}},"53":{"start":{"line":54,"column":0},"end":{"line":54,"column":3}},"54":{"start":{"line":55,"column":0},"end":{"line":55,"column":1}},"56":{"start":{"line":57,"column":0},"end":{"line":57,"column":19}}},"s":{"0":0,"3":0,"4":0,"5":0,"6":0,"7":0,"9":0,"10":0,"11":0,"12":0,"13":0,"14":0,"15":0,"17":0,"18":0,"19":0,"20":0,"21":0,"23":0,"24":0,"25":0,"26":0,"27":0,"28":0,"29":0,"30":0,"31":0,"32":0,"33":0,"34":0,"36":0,"37":0,"40":0,"42":0,"43":0,"44":0,"45":0,"46":0,"47":0,"48":0,"49":0,"50":0,"53":0,"54":0,"56":0},"branchMap":{"0":{"type":"branch","line":1,"loc":{"start":{"line":1,"column":1772},"end":{"line":57,"column":19}},"locations":[{"start":{"line":1,"column":1772},"end":{"line":57,"column":19}}]}},"b":{"0":[0]},"fnMap":{"0":{"name":"(empty-report)","decl":{"start":{"line":1,"column":1772},"end":{"line":57,"column":19}},"loc":{"start":{"line":1,"column":1772},"end":{"line":57,"column":19}},"line":1}},"f":{"0":0}}
,"E:\\SIA\\RsShool__React-2025-Q3\\task-1_class-components__local\\rs-react-app\\src\\api\\api.ts": {"path":"E:\\SIA\\RsShool__React-2025-Q3\\task-1_class-components__local\\rs-react-app\\src\\api\\api.ts","all":true,"statementMap":{"2":{"start":{"line":3,"column":0},"end":{"line":3,"column":38}},"3":{"start":{"line":4,"column":0},"end":{"line":4,"column":19}},"4":{"start":{"line":5,"column":0},"end":{"line":5,"column":38}},"5":{"start":{"line":6,"column":0},"end":{"line":6,"column":29}},"6":{"start":{"line":7,"column":0},"end":{"line":7,"column":81}},"7":{"start":{"line":8,"column":0},"end":{"line":8,"column":31}},"9":{"start":{"line":10,"column":0},"end":{"line":10,"column":16}},"10":{"start":{"line":11,"column":0},"end":{"line":11,"column":48}},"11":{"start":{"line":12,"column":0},"end":{"line":12,"column":3}},"13":{"start":{"line":14,"column":0},"end":{"line":14,"column":32}},"14":{"start":{"line":15,"column":0},"end":{"line":15,"column":20}},"16":{"start":{"line":17,"column":0},"end":{"line":17,"column":14}},"17":{"start":{"line":18,"column":0},"end":{"line":18,"column":1}}},"s":{"2":0,"3":0,"4":0,"5":0,"6":0,"7":0,"9":0,"10":0,"11":0,"13":0,"14":0,"16":0,"17":0},"branchMap":{"0":{"type":"branch","line":1,"loc":{"start":{"line":1,"column":435},"end":{"line":18,"column":1}},"locations":[{"start":{"line":1,"column":435},"end":{"line":18,"column":1}}]}},"b":{"0":[1]},"fnMap":{"0":{"name":"(empty-report)","decl":{"start":{"line":1,"column":435},"end":{"line":18,"column":1}},"loc":{"start":{"line":1,"column":435},"end":{"line":18,"column":1}},"line":1}},"f":{"0":1}}
,"E:\\SIA\\RsShool__React-2025-Q3\\task-1_class-components__local\\rs-react-app\\src\\components\\ErrorBoundary.tsx": {"path":"E:\\SIA\\RsShool__React-2025-Q3\\task-1_class-components__local\\rs-react-app\\src\\components\\ErrorBoundary.tsx","all":true,"statementMap":{"1":{"start":{"line":2,"column":0},"end":{"line":2,"column":41}},"3":{"start":{"line":4,"column":0},"end":{"line":4,"column":38}},"6":{"start":{"line":7,"column":0},"end":{"line":7,"column":3}},"7":{"start":{"line":8,"column":0},"end":{"line":8,"column":31}},"8":{"start":{"line":9,"column":0},"end":{"line":9,"column":20}},"9":{"start":{"line":10,"column":0},"end":{"line":10,"column":22}},"10":{"start":{"line":11,"column":0},"end":{"line":11,"column":4}},"12":{"start":{"line":13,"column":0},"end":{"line":13,"column":78}},"13":{"start":{"line":14,"column":0},"end":{"line":14,"column":52}},"14":{"start":{"line":15,"column":0},"end":{"line":15,"column":30}},"15":{"start":{"line":16,"column":0},"end":{"line":16,"column":3}},"17":{"start":{"line":18,"column":0},"end":{"line":18,"column":63}},"18":{"start":{"line":19,"column":0},"end":{"line":19,"column":70}},"19":{"start":{"line":20,"column":0},"end":{"line":20,"column":3}},"21":{"start":{"line":22,"column":0},"end":{"line":22,"column":23}},"22":{"start":{"line":23,"column":0},"end":{"line":23,"column":40}},"23":{"start":{"line":24,"column":0},"end":{"line":24,"column":4}},"25":{"start":{"line":26,"column":0},"end":{"line":26,"column":12}},"26":{"start":{"line":27,"column":0},"end":{"line":27,"column":36}},"28":{"start":{"line":29,"column":0},"end":{"line":29,"column":25}},"29":{"start":{"line":30,"column":0},"end":{"line":30,"column":13}},"30":{"start":{"line":31,"column":0},"end":{"line":31,"column":34}},"31":{"start":{"line":32,"column":0},"end":{"line":32,"column":91}},"32":{"start":{"line":33,"column":0},"end":{"line":33,"column":7}},"34":{"start":{"line":35,"column":0},"end":{"line":35,"column":15}},"37":{"start":{"line":38,"column":0},"end":{"line":38,"column":19}},"38":{"start":{"line":39,"column":0},"end":{"line":39,"column":14}},"39":{"start":{"line":40,"column":0},"end":{"line":40,"column":72}},"40":{"start":{"line":41,"column":0},"end":{"line":41,"column":79}},"42":{"start":{"line":43,"column":0},"end":{"line":43,"column":16}},"43":{"start":{"line":44,"column":0},"end":{"line":44,"column":23}},"44":{"start":{"line":45,"column":0},"end":{"line":45,"column":14}},"46":{"start":{"line":47,"column":0},"end":{"line":47,"column":5}},"48":{"start":{"line":49,"column":0},"end":{"line":49,"column":12}},"49":{"start":{"line":50,"column":0},"end":{"line":50,"column":50}},"50":{"start":{"line":51,"column":0},"end":{"line":51,"column":62}},"51":{"start":{"line":52,"column":0},"end":{"line":52,"column":21}},"52":{"start":{"line":53,"column":0},"end":{"line":53,"column":60}},"53":{"start":{"line":54,"column":0},"end":{"line":54,"column":12}},"55":{"start":{"line":56,"column":0},"end":{"line":56,"column":3}},"56":{"start":{"line":57,"column":0},"end":{"line":57,"column":1}},"58":{"start":{"line":59,"column":0},"end":{"line":59,"column":29}},"60":{"start":{"line":61,"column":0},"end":{"line":61,"column":64}},"61":{"start":{"line":62,"column":0},"end":{"line":62,"column":12}},"62":{"start":{"line":63,"column":0},"end":{"line":63,"column":33}},"63":{"start":{"line":64,"column":0},"end":{"line":64,"column":37}},"64":{"start":{"line":65,"column":0},"end":{"line":65,"column":5}},"65":{"start":{"line":66,"column":0},"end":{"line":66,"column":28}},"66":{"start":{"line":67,"column":0},"end":{"line":67,"column":3}},"67":{"start":{"line":68,"column":0},"end":{"line":68,"column":1}}},"s":{"1":0,"3":0,"6":0,"7":0,"8":0,"9":0,"10":0,"12":0,"13":0,"14":0,"15":0,"17":0,"18":0,"19":0,"21":0,"22":0,"23":0,"25":0,"26":0,"28":0,"29":0,"30":0,"31":0,"32":0,"34":0,"37":0,"38":0,"39":0,"40":0,"42":0,"43":0,"44":0,"46":0,"48":0,"49":0,"50":0,"51":0,"52":0,"53":0,"55":0,"56":0,"58":0,"60":0,"61":0,"62":0,"63":0,"64":0,"65":0,"66":0,"67":0},"branchMap":{"0":{"type":"branch","line":1,"loc":{"start":{"line":1,"column":1719},"end":{"line":68,"column":1}},"locations":[{"start":{"line":1,"column":1719},"end":{"line":68,"column":1}}]}},"b":{"0":[1]},"fnMap":{"0":{"name":"(empty-report)","decl":{"start":{"line":1,"column":1719},"end":{"line":68,"column":1}},"loc":{"start":{"line":1,"column":1719},"end":{"line":68,"column":1}},"line":1}},"f":{"0":1}}
,"E:\\SIA\\RsShool__React-2025-Q3\\task-1_class-components__local\\rs-react-app\\src\\components\\Main.tsx": {"path":"E:\\SIA\\RsShool__React-2025-Q3\\task-1_class-components__local\\rs-react-app\\src\\components\\Main.tsx","all":true,"statementMap":{"0":{"start":{"line":1,"column":0},"end":{"line":1,"column":43}},"1":{"start":{"line":2,"column":0},"end":{"line":2,"column":34}},"5":{"start":{"line":6,"column":0},"end":{"line":6,"column":41}},"6":{"start":{"line":7,"column":0},"end":{"line":7,"column":12}},"7":{"start":{"line":8,"column":0},"end":{"line":8,"column":48}},"10":{"start":{"line":11,"column":0},"end":{"line":11,"column":12}},"11":{"start":{"line":12,"column":0},"end":{"line":12,"column":11}},"13":{"start":{"line":14,"column":0},"end":{"line":14,"column":38}},"14":{"start":{"line":15,"column":0},"end":{"line":15,"column":58}},"15":{"start":{"line":16,"column":0},"end":{"line":16,"column":57}},"16":{"start":{"line":17,"column":0},"end":{"line":17,"column":12}},"18":{"start":{"line":19,"column":0},"end":{"line":19,"column":3}},"19":{"start":{"line":20,"column":0},"end":{"line":20,"column":1}},"21":{"start":{"line":22,"column":0},"end":{"line":22,"column":20}}},"s":{"0":0,"1":0,"5":0,"6":0,"7":0,"10":0,"11":0,"13":0,"14":0,"15":0,"16":0,"18":0,"19":0,"21":0},"branchMap":{"0":{"type":"branch","line":1,"loc":{"start":{"line":1,"column":605},"end":{"line":22,"column":20}},"locations":[{"start":{"line":1,"column":605},"end":{"line":22,"column":20}}]}},"b":{"0":[0]},"fnMap":{"0":{"name":"(empty-report)","decl":{"start":{"line":1,"column":605},"end":{"line":22,"column":20}},"loc":{"start":{"line":1,"column":605},"end":{"line":22,"column":20}},"line":1}},"f":{"0":0}}
,"E:\\SIA\\RsShool__React-2025-Q3\\task-1_class-components__local\\rs-react-app\\src\\components\\Card\\Card.tsx": {"path":"E:\\SIA\\RsShool__React-2025-Q3\\task-1_class-components__local\\rs-react-app\\src\\components\\Card\\Card.tsx","all":false,"statementMap":{"1":{"start":{"line":2,"column":0},"end":{"line":2,"column":34}},"3":{"start":{"line":4,"column":0},"end":{"line":4,"column":41}},"4":{"start":{"line":5,"column":0},"end":{"line":5,"column":12}},"5":{"start":{"line":6,"column":0},"end":{"line":6,"column":47}},"7":{"start":{"line":8,"column":0},"end":{"line":8,"column":12}},"8":{"start":{"line":9,"column":0},"end":{"line":9,"column":86}},"9":{"start":{"line":10,"column":0},"end":{"line":10,"column":12}},"10":{"start":{"line":11,"column":0},"end":{"line":11,"column":21}},"11":{"start":{"line":12,"column":0},"end":{"line":12,"column":20}},"12":{"start":{"line":13,"column":0},"end":{"line":13,"column":80}},"13":{"start":{"line":14,"column":0},"end":{"line":14,"column":10}},"14":{"start":{"line":15,"column":0},"end":{"line":15,"column":13}},"15":{"start":{"line":16,"column":0},"end":{"line":16,"column":55}},"16":{"start":{"line":17,"column":0},"end":{"line":17,"column":59}},"17":{"start":{"line":18,"column":0},"end":{"line":18,"column":14}},"18":{"start":{"line":19,"column":0},"end":{"line":19,"column":12}},"20":{"start":{"line":21,"column":0},"end":{"line":21,"column":3}},"21":{"start":{"line":22,"column":0},"end":{"line":22,"column":1}},"23":{"start":{"line":24,"column":0},"end":{"line":24,"column":20}}},"s":{"1":1,"3":1,"4":1,"5":3,"7":3,"8":3,"9":3,"10":3,"11":3,"12":3,"13":3,"14":3,"15":3,"16":3,"17":3,"18":3,"20":3,"21":1,"23":1},"branchMap":{"0":{"type":"branch","line":5,"loc":{"start":{"line":5,"column":2},"end":{"line":21,"column":3}},"locations":[{"start":{"line":5,"column":2},"end":{"line":21,"column":3}}]}},"b":{"0":[3]},"fnMap":{"0":{"name":"render","decl":{"start":{"line":5,"column":2},"end":{"line":21,"column":3}},"loc":{"start":{"line":5,"column":2},"end":{"line":21,"column":3}},"line":5}},"f":{"0":3}}
,"E:\\SIA\\RsShool__React-2025-Q3\\task-1_class-components__local\\rs-react-app\\src\\components\\CardList\\CardList.tsx": {"path":"E:\\SIA\\RsShool__React-2025-Q3\\task-1_class-components__local\\rs-react-app\\src\\components\\CardList\\CardList.tsx","all":false,"statementMap":{"0":{"start":{"line":1,"column":0},"end":{"line":1,"column":32}},"2":{"start":{"line":3,"column":0},"end":{"line":3,"column":34}},"4":{"start":{"line":5,"column":0},"end":{"line":5,"column":49}},"5":{"start":{"line":6,"column":0},"end":{"line":6,"column":12}},"6":{"start":{"line":7,"column":0},"end":{"line":7,"column":12}},"7":{"start":{"line":8,"column":0},"end":{"line":8,"column":34}},"8":{"start":{"line":9,"column":0},"end":{"line":9,"column":41}},"9":{"start":{"line":10,"column":0},"end":{"line":10,"column":15}},"10":{"start":{"line":11,"column":0},"end":{"line":11,"column":25}},"11":{"start":{"line":12,"column":0},"end":{"line":12,"column":28}},"12":{"start":{"line":13,"column":0},"end":{"line":13,"column":32}},"13":{"start":{"line":14,"column":0},"end":{"line":14,"column":30}},"14":{"start":{"line":15,"column":0},"end":{"line":15,"column":12}},"15":{"start":{"line":16,"column":0},"end":{"line":16,"column":11}},"16":{"start":{"line":17,"column":0},"end":{"line":17,"column":12}},"18":{"start":{"line":19,"column":0},"end":{"line":19,"column":3}},"19":{"start":{"line":20,"column":0},"end":{"line":20,"column":1}},"21":{"start":{"line":22,"column":0},"end":{"line":22,"column":24}}},"s":{"0":1,"2":1,"4":1,"5":1,"6":1,"7":1,"8":1,"9":2,"10":2,"11":2,"12":2,"13":2,"14":2,"15":1,"16":1,"18":1,"19":1,"21":1},"branchMap":{"0":{"type":"branch","line":6,"loc":{"start":{"line":6,"column":2},"end":{"line":19,"column":3}},"locations":[{"start":{"line":6,"column":2},"end":{"line":19,"column":3}}]},"1":{"type":"branch","line":9,"loc":{"start":{"line":9,"column":30},"end":{"line":15,"column":12}},"locations":[{"start":{"line":9,"column":30},"end":{"line":15,"column":12}}]}},"b":{"0":[1],"1":[2]},"fnMap":{"0":{"name":"render","decl":{"start":{"line":6,"column":2},"end":{"line":19,"column":3}},"loc":{"start":{"line":6,"column":2},"end":{"line":19,"column":3}},"line":6}},"f":{"0":1}}
,"E:\\SIA\\RsShool__React-2025-Q3\\task-1_class-components__local\\rs-react-app\\src\\components\\Header\\Header.tsx": {"path":"E:\\SIA\\RsShool__React-2025-Q3\\task-1_class-components__local\\rs-react-app\\src\\components\\Header\\Header.tsx","all":false,"statementMap":{"0":{"start":{"line":1,"column":0},"end":{"line":1,"column":34}},"2":{"start":{"line":3,"column":0},"end":{"line":3,"column":32}},"3":{"start":{"line":4,"column":0},"end":{"line":4,"column":12}},"4":{"start":{"line":5,"column":0},"end":{"line":5,"column":12}},"5":{"start":{"line":6,"column":0},"end":{"line":6,"column":43}},"6":{"start":{"line":7,"column":0},"end":{"line":7,"column":69}},"7":{"start":{"line":8,"column":0},"end":{"line":8,"column":15}},"9":{"start":{"line":10,"column":0},"end":{"line":10,"column":3}},"10":{"start":{"line":11,"column":0},"end":{"line":11,"column":1}},"12":{"start":{"line":13,"column":0},"end":{"line":13,"column":22}}},"s":{"0":1,"2":1,"3":1,"4":1,"5":1,"6":1,"7":1,"9":1,"10":1,"12":1},"branchMap":{"0":{"type":"branch","line":4,"loc":{"start":{"line":4,"column":2},"end":{"line":10,"column":3}},"locations":[{"start":{"line":4,"column":2},"end":{"line":10,"column":3}}]}},"b":{"0":[1]},"fnMap":{"0":{"name":"render","decl":{"start":{"line":4,"column":2},"end":{"line":10,"column":3}},"loc":{"start":{"line":4,"column":2},"end":{"line":10,"column":3}},"line":4}},"f":{"0":1}}
,"E:\\SIA\\RsShool__React-2025-Q3\\task-1_class-components__local\\rs-react-app\\src\\components\\Search\\Search.tsx": {"path":"E:\\SIA\\RsShool__React-2025-Q3\\task-1_class-components__local\\rs-react-app\\src\\components\\Search\\Search.tsx","all":false,"statementMap":{"0":{"start":{"line":1,"column":0},"end":{"line":1,"column":41}},"10":{"start":{"line":11,"column":0},"end":{"line":11,"column":46}},"11":{"start":{"line":12,"column":0},"end":{"line":12,"column":29}},"12":{"start":{"line":13,"column":0},"end":{"line":13,"column":17}},"13":{"start":{"line":14,"column":0},"end":{"line":14,"column":64}},"14":{"start":{"line":15,"column":0},"end":{"line":15,"column":44}},"15":{"start":{"line":16,"column":0},"end":{"line":16,"column":3}},"17":{"start":{"line":18,"column":0},"end":{"line":18,"column":62}},"18":{"start":{"line":19,"column":0},"end":{"line":19,"column":50}},"19":{"start":{"line":20,"column":0},"end":{"line":20,"column":4}},"21":{"start":{"line":22,"column":0},"end":{"line":22,"column":24}},"22":{"start":{"line":23,"column":0},"end":{"line":23,"column":49}},"23":{"start":{"line":24,"column":0},"end":{"line":24,"column":48}},"24":{"start":{"line":25,"column":0},"end":{"line":25,"column":33}},"25":{"start":{"line":26,"column":0},"end":{"line":26,"column":4}},"27":{"start":{"line":28,"column":0},"end":{"line":28,"column":29}},"28":{"start":{"line":29,"column":0},"end":{"line":29,"column":12}},"29":{"start":{"line":30,"column":0},"end":{"line":30,"column":43}},"30":{"start":{"line":31,"column":0},"end":{"line":31,"column":14}},"31":{"start":{"line":32,"column":0},"end":{"line":32,"column":39}},"32":{"start":{"line":33,"column":0},"end":{"line":33,"column":38}},"33":{"start":{"line":34,"column":0},"end":{"line":34,"column":33}},"34":{"start":{"line":35,"column":0},"end":{"line":35,"column":47}},"35":{"start":{"line":36,"column":0},"end":{"line":36,"column":10}},"36":{"start":{"line":37,"column":0},"end":{"line":37,"column":15}},"37":{"start":{"line":38,"column":0},"end":{"line":38,"column":37}},"38":{"start":{"line":39,"column":0},"end":{"line":39,"column":69}},"39":{"start":{"line":40,"column":0},"end":{"line":40,"column":9}},"41":{"start":{"line":42,"column":0},"end":{"line":42,"column":17}},"42":{"start":{"line":43,"column":0},"end":{"line":43,"column":12}},"44":{"start":{"line":45,"column":0},"end":{"line":45,"column":3}},"45":{"start":{"line":46,"column":0},"end":{"line":46,"column":1}},"47":{"start":{"line":48,"column":0},"end":{"line":48,"column":22}}},"s":{"0":1,"10":1,"11":3,"12":3,"13":3,"14":3,"15":3,"17":3,"18":2,"19":2,"21":3,"22":1,"23":1,"24":1,"25":1,"27":3,"28":5,"29":5,"30":5,"31":5,"32":5,"33":5,"34":5,"35":5,"36":5,"37":5,"38":5,"39":5,"41":5,"42":5,"44":5,"45":3,"47":1},"branchMap":{"0":{"type":"branch","line":11,"loc":{"start":{"line":11,"column":45},"end":{"line":46,"column":1}},"locations":[{"start":{"line":11,"column":45},"end":{"line":46,"column":1}}]},"1":{"type":"branch","line":12,"loc":{"start":{"line":12,"column":2},"end":{"line":16,"column":3}},"locations":[{"start":{"line":12,"column":2},"end":{"line":16,"column":3}}]},"2":{"type":"branch","line":14,"loc":{"start":{"line":14,"column":56},"end":{"line":14,"column":64}},"locations":[{"start":{"line":14,"column":56},"end":{"line":14,"column":64}}]},"3":{"type":"branch","line":18,"loc":{"start":{"line":18,"column":17},"end":{"line":20,"column":4}},"locations":[{"start":{"line":18,"column":17},"end":{"line":20,"column":4}}]},"4":{"type":"branch","line":22,"loc":{"start":{"line":22,"column":17},"end":{"line":26,"column":4}},"locations":[{"start":{"line":22,"column":17},"end":{"line":26,"column":4}}]},"5":{"type":"branch","line":28,"loc":{"start":{"line":28,"column":2},"end":{"line":45,"column":3}},"locations":[{"start":{"line":28,"column":2},"end":{"line":45,"column":3}}]}},"b":{"0":[3],"1":[3],"2":[2],"3":[2],"4":[1],"5":[5]},"fnMap":{"0":{"name":"<instance_members_initializer>","decl":{"start":{"line":11,"column":45},"end":{"line":46,"column":1}},"loc":{"start":{"line":11,"column":45},"end":{"line":46,"column":1}},"line":11},"1":{"name":"Search","decl":{"start":{"line":12,"column":2},"end":{"line":16,"column":3}},"loc":{"start":{"line":12,"column":2},"end":{"line":16,"column":3}},"line":12},"2":{"name":"handleChange","decl":{"start":{"line":18,"column":17},"end":{"line":20,"column":4}},"loc":{"start":{"line":18,"column":17},"end":{"line":20,"column":4}},"line":18},"3":{"name":"handleSearch","decl":{"start":{"line":22,"column":17},"end":{"line":26,"column":4}},"loc":{"start":{"line":22,"column":17},"end":{"line":26,"column":4}},"line":22},"4":{"name":"render","decl":{"start":{"line":28,"column":2},"end":{"line":45,"column":3}},"loc":{"start":{"line":28,"column":2},"end":{"line":45,"column":3}},"line":28}},"f":{"0":3,"1":3,"2":2,"3":1,"4":5}}
,"E:\\SIA\\RsShool__React-2025-Q3\\task-1_class-components__local\\rs-react-app\\src\\types\\types.ts": {"path":"E:\\SIA\\RsShool__React-2025-Q3\\task-1_class-components__local\\rs-react-app\\src\\types\\types.ts","all":true,"statementMap":{},"s":{},"branchMap":{"0":{"type":"branch","line":1,"loc":{"start":{"line":1,"column":755},"end":{"line":42,"column":1}},"locations":[{"start":{"line":1,"column":755},"end":{"line":42,"column":1}}]}},"b":{"0":[1]},"fnMap":{"0":{"name":"(empty-report)","decl":{"start":{"line":1,"column":755},"end":{"line":42,"column":1}},"loc":{"start":{"line":1,"column":755},"end":{"line":42,"column":1}},"line":1}},"f":{"0":1}}
}
